<?xml version="1.0" encoding="UTF-8"?>
<testsuite name="Kata2.Kata2Test" tests="1" skipped="0" failures="0" errors="0" timestamp="2023-03-01T14:22:31" hostname="Harrys-MBP-2.broadband" time="0.011">
  <properties/>
  <testcase name="testSquareDigits()" classname="Kata2.Kata2Test" time="0.011"/>
  <system-out><![CDATA[]]></system-out>
  <system-err><![CDATA[]]></system-err>
</testsuite>
